// This is where an access log would be created
::1 - - [25/Apr/2022:14:24:00 +0000] "POST /?number=3app/flip/coins/ HTTP/1.1" 404 38 "http://localhost:5555/?number=3" "Mozilla/5.0 (Windows NT 10.0; Win64; x64) AppleWebKit/537.36 (KHTML, like Gecko) Chrome/100.0.4896.127 Safari/537.36"
::1 - - [25/Apr/2022:14:24:16 +0000] "POST /?number=3app/flip/coins/ HTTP/1.1" 404 38 "http://localhost:5555/?number=3" "Mozilla/5.0 (Windows NT 10.0; Win64; x64) AppleWebKit/537.36 (KHTML, like Gecko) Chrome/100.0.4896.127 Safari/537.36"
::1 - - [25/Apr/2022:14:29:18 +0000] "POST /?number=3app/flip/coins/ HTTP/1.1" 404 38 "http://localhost:5555/?number=3" "Mozilla/5.0 (Windows NT 10.0; Win64; x64) AppleWebKit/537.36 (KHTML, like Gecko) Chrome/100.0.4896.127 Safari/537.36"
::1 - - [25/Apr/2022:14:46:08 +0000] "POST /app/flip/coins/ HTTP/1.1" 200 65 "http://localhost:5555/" "Mozilla/5.0 (Windows NT 10.0; Win64; x64) AppleWebKit/537.36 (KHTML, like Gecko) Chrome/100.0.4896.127 Safari/537.36"
::1 - - [25/Apr/2022:14:46:16 +0000] "POST /app/flip/coins/ HTTP/1.1" 200 57 "http://localhost:5555/" "Mozilla/5.0 (Windows NT 10.0; Win64; x64) AppleWebKit/537.36 (KHTML, like Gecko) Chrome/100.0.4896.127 Safari/537.36"
::1 - - [25/Apr/2022:14:46:18 +0000] "POST /app/flip/coins/ HTTP/1.1" 200 57 "http://localhost:5555/" "Mozilla/5.0 (Windows NT 10.0; Win64; x64) AppleWebKit/537.36 (KHTML, like Gecko) Chrome/100.0.4896.127 Safari/537.36"
::1 - - [25/Apr/2022:14:46:19 +0000] "POST /app/flip/coins/ HTTP/1.1" 200 57 "http://localhost:5555/" "Mozilla/5.0 (Windows NT 10.0; Win64; x64) AppleWebKit/537.36 (KHTML, like Gecko) Chrome/100.0.4896.127 Safari/537.36"
::1 - - [25/Apr/2022:14:46:19 +0000] "POST /app/flip/coins/ HTTP/1.1" 200 57 "http://localhost:5555/" "Mozilla/5.0 (Windows NT 10.0; Win64; x64) AppleWebKit/537.36 (KHTML, like Gecko) Chrome/100.0.4896.127 Safari/537.36"
::1 - - [25/Apr/2022:14:46:20 +0000] "POST /app/flip/coins/ HTTP/1.1" 200 57 "http://localhost:5555/" "Mozilla/5.0 (Windows NT 10.0; Win64; x64) AppleWebKit/537.36 (KHTML, like Gecko) Chrome/100.0.4896.127 Safari/537.36"
::1 - - [25/Apr/2022:14:46:21 +0000] "POST /app/flip/coins/ HTTP/1.1" 200 57 "http://localhost:5555/" "Mozilla/5.0 (Windows NT 10.0; Win64; x64) AppleWebKit/537.36 (KHTML, like Gecko) Chrome/100.0.4896.127 Safari/537.36"
::1 - - [25/Apr/2022:14:46:21 +0000] "POST /app/flip/coins/ HTTP/1.1" 200 57 "http://localhost:5555/" "Mozilla/5.0 (Windows NT 10.0; Win64; x64) AppleWebKit/537.36 (KHTML, like Gecko) Chrome/100.0.4896.127 Safari/537.36"
::1 - - [25/Apr/2022:14:46:22 +0000] "POST /app/flip/coins/ HTTP/1.1" 200 57 "http://localhost:5555/" "Mozilla/5.0 (Windows NT 10.0; Win64; x64) AppleWebKit/537.36 (KHTML, like Gecko) Chrome/100.0.4896.127 Safari/537.36"
::1 - - [25/Apr/2022:14:46:22 +0000] "POST /app/flip/coins/ HTTP/1.1" 200 57 "http://localhost:5555/" "Mozilla/5.0 (Windows NT 10.0; Win64; x64) AppleWebKit/537.36 (KHTML, like Gecko) Chrome/100.0.4896.127 Safari/537.36"
::1 - - [25/Apr/2022:14:46:23 +0000] "POST /app/flip/coins/ HTTP/1.1" 200 57 "http://localhost:5555/" "Mozilla/5.0 (Windows NT 10.0; Win64; x64) AppleWebKit/537.36 (KHTML, like Gecko) Chrome/100.0.4896.127 Safari/537.36"
::1 - - [25/Apr/2022:14:46:40 +0000] "POST /app/flip/coins/ HTTP/1.1" 200 57 "http://localhost:5555/" "Mozilla/5.0 (Windows NT 10.0; Win64; x64) AppleWebKit/537.36 (KHTML, like Gecko) Chrome/100.0.4896.127 Safari/537.36"
::1 - - [25/Apr/2022:14:46:41 +0000] "POST /app/flip/coins/ HTTP/1.1" 200 57 "http://localhost:5555/" "Mozilla/5.0 (Windows NT 10.0; Win64; x64) AppleWebKit/537.36 (KHTML, like Gecko) Chrome/100.0.4896.127 Safari/537.36"
::1 - - [25/Apr/2022:14:46:41 +0000] "POST /app/flip/coins/ HTTP/1.1" 200 57 "http://localhost:5555/" "Mozilla/5.0 (Windows NT 10.0; Win64; x64) AppleWebKit/537.36 (KHTML, like Gecko) Chrome/100.0.4896.127 Safari/537.36"
::1 - - [25/Apr/2022:14:46:42 +0000] "POST /app/flip/coins/ HTTP/1.1" 200 57 "http://localhost:5555/" "Mozilla/5.0 (Windows NT 10.0; Win64; x64) AppleWebKit/537.36 (KHTML, like Gecko) Chrome/100.0.4896.127 Safari/537.36"
::1 - - [25/Apr/2022:14:46:43 +0000] "POST /app/flip/coins/ HTTP/1.1" 200 57 "http://localhost:5555/" "Mozilla/5.0 (Windows NT 10.0; Win64; x64) AppleWebKit/537.36 (KHTML, like Gecko) Chrome/100.0.4896.127 Safari/537.36"
::1 - - [25/Apr/2022:14:46:50 +0000] "POST /app/flip/coins/ HTTP/1.1" 200 121 "http://localhost:5555/" "Mozilla/5.0 (Windows NT 10.0; Win64; x64) AppleWebKit/537.36 (KHTML, like Gecko) Chrome/100.0.4896.127 Safari/537.36"
::1 - - [25/Apr/2022:14:46:51 +0000] "POST /app/flip/coins/ HTTP/1.1" 200 121 "http://localhost:5555/" "Mozilla/5.0 (Windows NT 10.0; Win64; x64) AppleWebKit/537.36 (KHTML, like Gecko) Chrome/100.0.4896.127 Safari/537.36"
::1 - - [25/Apr/2022:14:46:51 +0000] "POST /app/flip/coins/ HTTP/1.1" 200 121 "http://localhost:5555/" "Mozilla/5.0 (Windows NT 10.0; Win64; x64) AppleWebKit/537.36 (KHTML, like Gecko) Chrome/100.0.4896.127 Safari/537.36"
::1 - - [25/Apr/2022:14:46:51 +0000] "POST /app/flip/coins/ HTTP/1.1" 200 121 "http://localhost:5555/" "Mozilla/5.0 (Windows NT 10.0; Win64; x64) AppleWebKit/537.36 (KHTML, like Gecko) Chrome/100.0.4896.127 Safari/537.36"
::1 - - [25/Apr/2022:14:46:52 +0000] "POST /app/flip/coins/ HTTP/1.1" 200 121 "http://localhost:5555/" "Mozilla/5.0 (Windows NT 10.0; Win64; x64) AppleWebKit/537.36 (KHTML, like Gecko) Chrome/100.0.4896.127 Safari/537.36"
::1 - - [25/Apr/2022:14:46:52 +0000] "POST /app/flip/coins/ HTTP/1.1" 200 121 "http://localhost:5555/" "Mozilla/5.0 (Windows NT 10.0; Win64; x64) AppleWebKit/537.36 (KHTML, like Gecko) Chrome/100.0.4896.127 Safari/537.36"
::1 - - [25/Apr/2022:14:46:53 +0000] "POST /app/flip/coins/ HTTP/1.1" 200 121 "http://localhost:5555/" "Mozilla/5.0 (Windows NT 10.0; Win64; x64) AppleWebKit/537.36 (KHTML, like Gecko) Chrome/100.0.4896.127 Safari/537.36"
::1 - - [25/Apr/2022:14:46:54 +0000] "POST /app/flip/coins/ HTTP/1.1" 200 121 "http://localhost:5555/" "Mozilla/5.0 (Windows NT 10.0; Win64; x64) AppleWebKit/537.36 (KHTML, like Gecko) Chrome/100.0.4896.127 Safari/537.36"
::1 - - [25/Apr/2022:14:46:54 +0000] "POST /app/flip/coins/ HTTP/1.1" 200 121 "http://localhost:5555/" "Mozilla/5.0 (Windows NT 10.0; Win64; x64) AppleWebKit/537.36 (KHTML, like Gecko) Chrome/100.0.4896.127 Safari/537.36"
::1 - - [25/Apr/2022:14:46:55 +0000] "POST /app/flip/coins/ HTTP/1.1" 200 121 "http://localhost:5555/" "Mozilla/5.0 (Windows NT 10.0; Win64; x64) AppleWebKit/537.36 (KHTML, like Gecko) Chrome/100.0.4896.127 Safari/537.36"
::1 - - [25/Apr/2022:14:46:55 +0000] "POST /app/flip/coins/ HTTP/1.1" 200 121 "http://localhost:5555/" "Mozilla/5.0 (Windows NT 10.0; Win64; x64) AppleWebKit/537.36 (KHTML, like Gecko) Chrome/100.0.4896.127 Safari/537.36"
::1 - - [25/Apr/2022:15:49:39 +0000] "POST / HTTP/1.1" 404 14 "http://localhost:5555/" "Mozilla/5.0 (Windows NT 10.0; Win64; x64) AppleWebKit/537.36 (KHTML, like Gecko) Chrome/100.0.4896.127 Safari/537.36"
::1 - - [25/Apr/2022:15:49:39 +0000] "GET /favicon.ico HTTP/1.1" 404 25 "http://localhost:5555/" "Mozilla/5.0 (Windows NT 10.0; Win64; x64) AppleWebKit/537.36 (KHTML, like Gecko) Chrome/100.0.4896.127 Safari/537.36"
::1 - - [25/Apr/2022:15:51:19 +0000] "POST /app/flip/coins/ HTTP/1.1" 200 202 "http://localhost:5555/" "Mozilla/5.0 (Windows NT 10.0; Win64; x64) AppleWebKit/537.36 (KHTML, like Gecko) Chrome/100.0.4896.127 Safari/537.36"
::1 - - [25/Apr/2022:15:51:20 +0000] "POST /app/flip/coins/ HTTP/1.1" 200 202 "http://localhost:5555/" "Mozilla/5.0 (Windows NT 10.0; Win64; x64) AppleWebKit/537.36 (KHTML, like Gecko) Chrome/100.0.4896.127 Safari/537.36"
::1 - - [25/Apr/2022:15:51:20 +0000] "POST /app/flip/coins/ HTTP/1.1" 200 202 "http://localhost:5555/" "Mozilla/5.0 (Windows NT 10.0; Win64; x64) AppleWebKit/537.36 (KHTML, like Gecko) Chrome/100.0.4896.127 Safari/537.36"
::1 - - [25/Apr/2022:15:51:21 +0000] "POST /app/flip/coins/ HTTP/1.1" 200 202 "http://localhost:5555/" "Mozilla/5.0 (Windows NT 10.0; Win64; x64) AppleWebKit/537.36 (KHTML, like Gecko) Chrome/100.0.4896.127 Safari/537.36"
::1 - - [25/Apr/2022:15:51:21 +0000] "POST /app/flip/coins/ HTTP/1.1" 200 202 "http://localhost:5555/" "Mozilla/5.0 (Windows NT 10.0; Win64; x64) AppleWebKit/537.36 (KHTML, like Gecko) Chrome/100.0.4896.127 Safari/537.36"
::1 - - [25/Apr/2022:15:51:21 +0000] "POST /app/flip/coins/ HTTP/1.1" 200 202 "http://localhost:5555/" "Mozilla/5.0 (Windows NT 10.0; Win64; x64) AppleWebKit/537.36 (KHTML, like Gecko) Chrome/100.0.4896.127 Safari/537.36"
::1 - - [25/Apr/2022:15:51:22 +0000] "POST /app/flip/coins/ HTTP/1.1" 200 203 "http://localhost:5555/" "Mozilla/5.0 (Windows NT 10.0; Win64; x64) AppleWebKit/537.36 (KHTML, like Gecko) Chrome/100.0.4896.127 Safari/537.36"
::1 - - [25/Apr/2022:15:51:22 +0000] "POST /app/flip/coins/ HTTP/1.1" 200 203 "http://localhost:5555/" "Mozilla/5.0 (Windows NT 10.0; Win64; x64) AppleWebKit/537.36 (KHTML, like Gecko) Chrome/100.0.4896.127 Safari/537.36"
::1 - - [25/Apr/2022:15:51:23 +0000] "POST /app/flip/coins/ HTTP/1.1" 200 202 "http://localhost:5555/" "Mozilla/5.0 (Windows NT 10.0; Win64; x64) AppleWebKit/537.36 (KHTML, like Gecko) Chrome/100.0.4896.127 Safari/537.36"
::1 - - [25/Apr/2022:15:53:14 +0000] "POST /app/flip/coins/ HTTP/1.1" 200 121 "http://localhost:5555/" "Mozilla/5.0 (Windows NT 10.0; Win64; x64) AppleWebKit/537.36 (KHTML, like Gecko) Chrome/100.0.4896.127 Safari/537.36"
::1 - - [25/Apr/2022:15:53:14 +0000] "POST /app/flip/coins/ HTTP/1.1" 200 121 "http://localhost:5555/" "Mozilla/5.0 (Windows NT 10.0; Win64; x64) AppleWebKit/537.36 (KHTML, like Gecko) Chrome/100.0.4896.127 Safari/537.36"
::1 - - [25/Apr/2022:15:53:15 +0000] "POST /app/flip/coins/ HTTP/1.1" 200 121 "http://localhost:5555/" "Mozilla/5.0 (Windows NT 10.0; Win64; x64) AppleWebKit/537.36 (KHTML, like Gecko) Chrome/100.0.4896.127 Safari/537.36"
::1 - - [25/Apr/2022:15:53:15 +0000] "POST /app/flip/coins/ HTTP/1.1" 200 121 "http://localhost:5555/" "Mozilla/5.0 (Windows NT 10.0; Win64; x64) AppleWebKit/537.36 (KHTML, like Gecko) Chrome/100.0.4896.127 Safari/537.36"
::1 - - [25/Apr/2022:15:53:20 +0000] "POST /app/flip/call/ HTTP/1.1" 200 46 "http://localhost:5555/" "Mozilla/5.0 (Windows NT 10.0; Win64; x64) AppleWebKit/537.36 (KHTML, like Gecko) Chrome/100.0.4896.127 Safari/537.36"
::1 - - [25/Apr/2022:15:53:21 +0000] "POST /app/flip/call/ HTTP/1.1" 200 46 "http://localhost:5555/" "Mozilla/5.0 (Windows NT 10.0; Win64; x64) AppleWebKit/537.36 (KHTML, like Gecko) Chrome/100.0.4896.127 Safari/537.36"
::1 - - [25/Apr/2022:15:53:22 +0000] "POST /app/flip/call/ HTTP/1.1" 200 47 "http://localhost:5555/" "Mozilla/5.0 (Windows NT 10.0; Win64; x64) AppleWebKit/537.36 (KHTML, like Gecko) Chrome/100.0.4896.127 Safari/537.36"
::1 - - [25/Apr/2022:15:53:23 +0000] "POST /app/flip/call/ HTTP/1.1" 200 46 "http://localhost:5555/" "Mozilla/5.0 (Windows NT 10.0; Win64; x64) AppleWebKit/537.36 (KHTML, like Gecko) Chrome/100.0.4896.127 Safari/537.36"
::1 - - [25/Apr/2022:15:53:23 +0000] "POST /app/flip/call/ HTTP/1.1" 200 46 "http://localhost:5555/" "Mozilla/5.0 (Windows NT 10.0; Win64; x64) AppleWebKit/537.36 (KHTML, like Gecko) Chrome/100.0.4896.127 Safari/537.36"
::1 - - [25/Apr/2022:15:53:24 +0000] "POST /app/flip/call/ HTTP/1.1" 200 47 "http://localhost:5555/" "Mozilla/5.0 (Windows NT 10.0; Win64; x64) AppleWebKit/537.36 (KHTML, like Gecko) Chrome/100.0.4896.127 Safari/537.36"
::1 - - [25/Apr/2022:15:53:24 +0000] "POST /app/flip/call/ HTTP/1.1" 200 47 "http://localhost:5555/" "Mozilla/5.0 (Windows NT 10.0; Win64; x64) AppleWebKit/537.36 (KHTML, like Gecko) Chrome/100.0.4896.127 Safari/537.36"
